<?xml version="1.0" encoding="UTF-8"?>
<testsuite xmlns:xsi="http://www.w3.org/2001/XMLSchema-instance" xsi:noNamespaceSchemaLocation="https://maven.apache.org/surefire/maven-surefire-plugin/xsd/surefire-test-report.xsd" name="io.spring.dataflow.sample.usagedetailsender.UsageDetailSenderApplicationTests" time="4.445" tests="2" errors="0" skipped="0" failures="0">
  <properties>
[...]
</properties>
  <testcase name="testUsageDetailSender" classname="io.spring.dataflow.sample.usagedetailsender.UsageDetailSenderApplicationTests" time="4.425"/>
  <testcase name="contextLoads" classname="io.spring.dataflow.sample.usagedetailsender.UsageDetailSenderApplicationTests" time="0"/>
</testsuite>